Vivado Simulator v2023.2
Copyright 1986-2022 Xilinx, Inc. All Rights Reserved.
Copyright 2022-2023 Advanced Micro Devices, Inc. All Rights Reserved.
Running: D:/Xilinx/Vivado/2023.2/bin/unwrapped/win64.o/xelab.exe --incr --debug typical --relax --mt 2 -L xil_defaultlib -L blk_mem_gen_v8_4_7 -L unisims_ver -L unimacro_ver -L secureip -L xpm --snapshot GameTop_tb_behav xil_defaultlib.GameTop_tb xil_defaultlib.glbl -log elaborate.log 
Using 2 slave threads.
Starting static elaboration
Pass Through NonSizing Optimizer
WARNING: [VRFC 10-3091] actual bit length 32 differs from formal bit length 48 for port 'max_time' [C:/Users/39551/Desktop/ASIC/Whack-a-Mole-GameMachine/game_machine/game_machine.srcs/sources_1/new/GameTop.v:107]
WARNING: [VRFC 10-3091] actual bit length 1 differs from formal bit length 7 for port 'seg1' [C:/Users/39551/Desktop/ASIC/Whack-a-Mole-GameMachine/game_machine/game_machine.srcs/sources_1/new/GameTop.v:126]
WARNING: [VRFC 10-3091] actual bit length 1 differs from formal bit length 7 for port 'seg0' [C:/Users/39551/Desktop/ASIC/Whack-a-Mole-GameMachine/game_machine/game_machine.srcs/sources_1/new/GameTop.v:127]
WARNING: [VRFC 10-3091] actual bit length 32 differs from formal bit length 1 for port 'wea' [C:/Users/39551/Desktop/ASIC/Whack-a-Mole-GameMachine/game_machine/game_machine.srcs/sources_1/new/SoundPlayer.v:31]
WARNING: [VRFC 10-3091] actual bit length 32 differs from formal bit length 16 for port 'dina' [C:/Users/39551/Desktop/ASIC/Whack-a-Mole-GameMachine/game_machine/game_machine.srcs/sources_1/new/SoundPlayer.v:32]
WARNING: [VRFC 10-3091] actual bit length 32 differs from formal bit length 1 for port 'wea' [C:/Users/39551/Desktop/ASIC/Whack-a-Mole-GameMachine/game_machine/game_machine.srcs/sources_1/new/SoundPlayer.v:40]
WARNING: [VRFC 10-3091] actual bit length 32 differs from formal bit length 16 for port 'dina' [C:/Users/39551/Desktop/ASIC/Whack-a-Mole-GameMachine/game_machine/game_machine.srcs/sources_1/new/SoundPlayer.v:41]
WARNING: [VRFC 10-3091] actual bit length 32 differs from formal bit length 1 for port 'wea' [C:/Users/39551/Desktop/ASIC/Whack-a-Mole-GameMachine/game_machine/game_machine.srcs/sources_1/new/SoundPlayer.v:49]
WARNING: [VRFC 10-3091] actual bit length 32 differs from formal bit length 16 for port 'dina' [C:/Users/39551/Desktop/ASIC/Whack-a-Mole-GameMachine/game_machine/game_machine.srcs/sources_1/new/SoundPlayer.v:50]
WARNING: [VRFC 10-3091] actual bit length 32 differs from formal bit length 1 for port 'wea' [C:/Users/39551/Desktop/ASIC/Whack-a-Mole-GameMachine/game_machine/game_machine.srcs/sources_1/new/SoundPlayer.v:58]
WARNING: [VRFC 10-3091] actual bit length 32 differs from formal bit length 16 for port 'dina' [C:/Users/39551/Desktop/ASIC/Whack-a-Mole-GameMachine/game_machine/game_machine.srcs/sources_1/new/SoundPlayer.v:59]
Completed static elaboration
Starting simulation data flow analysis
Completed simulation data flow analysis
Time Resolution for simulation is 1ps
Compiling module xil_defaultlib.RandomGen
Compiling module xil_defaultlib.GameControl
Compiling module xil_defaultlib.Effects
Compiling module xil_defaultlib.ScoreDisplay
Compiling module blk_mem_gen_v8_4_7.blk_mem_gen_v8_4_7_output_stage(...
Compiling module blk_mem_gen_v8_4_7.blk_mem_gen_v8_4_7_output_stage(...
Compiling module blk_mem_gen_v8_4_7.blk_mem_gen_v8_4_7_softecc_outpu...
Compiling module blk_mem_gen_v8_4_7.blk_mem_gen_v8_4_7_mem_module(C_...
Compiling module blk_mem_gen_v8_4_7.blk_mem_gen_v8_4_7(C_FAMILY="art...
Compiling module xil_defaultlib.MusicIdle
Compiling module blk_mem_gen_v8_4_7.blk_mem_gen_v8_4_7_mem_module(C_...
Compiling module blk_mem_gen_v8_4_7.blk_mem_gen_v8_4_7(C_FAMILY="art...
Compiling module xil_defaultlib.MusicTrue
Compiling module blk_mem_gen_v8_4_7.blk_mem_gen_v8_4_7_mem_module(C_...
Compiling module blk_mem_gen_v8_4_7.blk_mem_gen_v8_4_7(C_FAMILY="art...
Compiling module xil_defaultlib.MusicFalse
Compiling module blk_mem_gen_v8_4_7.blk_mem_gen_v8_4_7_mem_module(C_...
Compiling module blk_mem_gen_v8_4_7.blk_mem_gen_v8_4_7(C_FAMILY="art...
Compiling module xil_defaultlib.MusicEnd
Compiling module xil_defaultlib.SoundPlayer
Compiling module xil_defaultlib.TextLCD
Compiling module xil_defaultlib.GameTop
Compiling module xil_defaultlib.GameTop_tb
Compiling module xil_defaultlib.glbl
Built simulation snapshot GameTop_tb_behav
