INFO: [VRFC 10-2263] Analyzing Verilog file "C:/Users/39551/Desktop/ASIC/Whack-a-Mole-GameMachine/game_machine/game_machine.gen/sources_1/ip/MusicEnd/sim/MusicEnd.v" into library xil_defaultlib
INFO: [VRFC 10-311] analyzing module MusicEnd
INFO: [VRFC 10-2263] Analyzing Verilog file "C:/Users/39551/Desktop/ASIC/Whack-a-Mole-GameMachine/game_machine/game_machine.gen/sources_1/ip/MusicFalse/sim/MusicFalse.v" into library xil_defaultlib
INFO: [VRFC 10-311] analyzing module MusicFalse
INFO: [VRFC 10-2263] Analyzing Verilog file "C:/Users/39551/Desktop/ASIC/Whack-a-Mole-GameMachine/game_machine/game_machine.gen/sources_1/ip/MusicTrue/sim/MusicTrue.v" into library xil_defaultlib
INFO: [VRFC 10-311] analyzing module MusicTrue
INFO: [VRFC 10-2263] Analyzing Verilog file "C:/Users/39551/Desktop/ASIC/Whack-a-Mole-GameMachine/game_machine/game_machine.gen/sources_1/ip/MusicIdle/sim/MusicIdle.v" into library xil_defaultlib
INFO: [VRFC 10-311] analyzing module MusicIdle
INFO: [VRFC 10-2263] Analyzing Verilog file "C:/Users/39551/Desktop/ASIC/Whack-a-Mole-GameMachine/game_machine/game_machine.srcs/sources_1/new/Effects.v" into library xil_defaultlib
INFO: [VRFC 10-311] analyzing module Effects
INFO: [VRFC 10-2263] Analyzing Verilog file "C:/Users/39551/Desktop/ASIC/Whack-a-Mole-GameMachine/game_machine/game_machine.srcs/sources_1/new/GameControl.v" into library xil_defaultlib
INFO: [VRFC 10-311] analyzing module GameControl
INFO: [VRFC 10-2263] Analyzing Verilog file "C:/Users/39551/Desktop/ASIC/Whack-a-Mole-GameMachine/game_machine/game_machine.srcs/sources_1/new/GameTop.v" into library xil_defaultlib
INFO: [VRFC 10-311] analyzing module GameTop
INFO: [VRFC 10-2263] Analyzing Verilog file "C:/Users/39551/Desktop/ASIC/Whack-a-Mole-GameMachine/game_machine/game_machine.srcs/sources_1/new/RandomGen.v" into library xil_defaultlib
INFO: [VRFC 10-311] analyzing module RandomGen
INFO: [VRFC 10-2263] Analyzing Verilog file "C:/Users/39551/Desktop/ASIC/Whack-a-Mole-GameMachine/game_machine/game_machine.srcs/sources_1/new/ScoreDisplay.v" into library xil_defaultlib
INFO: [VRFC 10-311] analyzing module ScoreDisplay
INFO: [VRFC 10-2263] Analyzing Verilog file "C:/Users/39551/Desktop/ASIC/Whack-a-Mole-GameMachine/game_machine/game_machine.srcs/sources_1/new/SoundPlayer.v" into library xil_defaultlib
INFO: [VRFC 10-311] analyzing module SoundPlayer
INFO: [VRFC 10-2263] Analyzing Verilog file "C:/Users/39551/Desktop/ASIC/Whack-a-Mole-GameMachine/game_machine/game_machine.srcs/sources_1/new/TextLCD.v" into library xil_defaultlib
INFO: [VRFC 10-311] analyzing module TextLCD
INFO: [VRFC 10-2263] Analyzing Verilog file "C:/Users/39551/Desktop/ASIC/Whack-a-Mole-GameMachine/game_machine/game_machine.srcs/sim_1/new/GameTop_tb.v" into library xil_defaultlib
INFO: [VRFC 10-311] analyzing module GameTop_tb
